1693345647661:h
1693345650420:help
1693345656274:i
1693345744730:exit
1693345759645:i
1693345794731:exit
1693345806916:i
1693346080396:a
1693346310955:s
1693346345155:component  s
1693346364178:s
1693346495362:help
1693417717053:gb 1
1693417730708:ab
1693417737971:help
1693417753282:exit
1693422405172:i bn=Буратино an=Алексей al=Толстой gn=Сказки
1693422445074:i bn=Буратино ai=null an=Алексей al=Толстой gi=null gn=Сказки
1693422657209:i --bn=Буратино --an=Алексей --al=Толстой --gn=Сказки
1693422679499:i --bn=Буратино --ai=null --an=Алексей --al=Толстой --gi=null --gn=Сказки
1693422695122:i Буратино null Алексей Толстой null Сказки
1693422743032:i 'Буратино' null 'Алексей' 'Толстой' null 'Сказки'
1693422804943:i
1693422811445:help
1693422866031:ib bn=Буратино an=Алексей al=Толстой gn=Сказки
1693422901996:b bn=Буратино an=Алексей al=Толстой gn=Сказки
1693422928961:ib bn=Буратино an=Алексей al=Толстой gn=Сказки
1693422946898:ib --bn=Буратино --an=Алексей --al=Толстой --gn=Сказки
1693423005033:ib --bn Буратино --an Алексей --al Толстой --gn Сказки
1693423032082:ib --bn Буратино --an Алексей --al Толстой --gn Сказки --ai null --gi null
1693423127995:ib --bn Буратино --an Алексей --al Толстой --gn Сказки --ai 0 --gi 0
1693423161638:exit
1693423205463:ib --bn Буратино --an Алексей --al Толстой --gn Сказки --ai 0 --gi 0
1693423271586:ba
1693423277853:ab
1693423313478:ib --bn Буратино --an Алексей --al Толстой --gn Сказки --ai 0 --gi 0
1693423318437:ab
1693423374653:exit
1693423386895:ab
1693423392150:ib --bn Буратино --an Алексей --al Толстой --gn Сказки --ai 0 --gi 0
1693423394813:ab
1693423406914:ib --bn Буратино --an Алексей --al Толстой --gn Сказки --ai 0 --gi 0
1693423423758:exit
1693423490104:ab
1693423495253:ib --bn Буратино --an Алексей --al Толстой --gn Сказки --ai 0 --gi 0
1693423614263:ab
1693423615141:IDENTITY
1693423644129:ib Буратино 0 Алексей Толстой 0 Сказки
1693423952302:exit
1693424120661:ib Буратино 0 Алексей Толстой 0 Сказки
1693424174870:exit
1693424251684:ib Буратино 0 Алексей Толстой 0 Сказки
1693424602948:фи
1693424607292:ab
1693424620999:ib Буратино 0 Алексей Толстой 0 Сказки
1693424625332:ab
1693424660881:ib Буратино 0 Алексей Толстой 0 null
1693424793368:ib Буратино 1 Алексей Толстой 0 Сказки
1693424832240:ib Буратино 0 Алексей Толстой 0 Сказки
1693424859006:b Буратино 0 Алексей Толстой 0 Сказки
1693424867566:ib Буратино 0 Алексей Толстой 0 Сказки
1693424907805:ab
1693425152499:ib Буратино 0 Алексей Толстой 0 Сказки
1693425222485:ab
1693425845907:ib Буратино 0 Алексей Толстой 0 Сказки
1693425975602:ab
1693426000356:exit
1693426234142:help
1693426249395:exit
1693428133842:ab
1693428154977:aa
1693428161800:ag
1693428167009:exit
1693428219683:ab
